[ { "name": "OnRender", "cat": "Default", "ph": "B", "ts": "438123", "pid": "24920", "tid": "1" },
  { "name": "CreateRenderInstructions", "cat": "Default", "ph": "B", "ts": "438675", "pid": "24920", "tid": "1" },
  { "name": "CreateRenderInstructions", "cat": "Default", "ph": "E", "ts": "445573", "pid": "24920", "tid": "1" },
  { "name": "RenderContextAreSame", "cat": "Default", "ph": "B", "ts": "445806", "pid": "24920", "tid": "1" },
  { "name": "RenderContextAreSame", "cat": "Default", "ph": "E", "ts": "445812", "pid": "24920", "tid": "1" },
  { "name": "Rerender", "cat": "Default", "ph": "B", "ts": "446208", "pid": "24920", "tid": "1" },
  { "name": "DrawMesh", "cat": "Default", "ph": "B", "ts": "452231", "pid": "24920", "tid": "1" },
  { "name": "Bind/Upload Buffers", "cat": "Default", "ph": "B", "ts": "452381", "pid": "24920", "tid": "1" },
  { "name": "Bind/Upload Buffers", "cat": "Default", "ph": "E", "ts": "452960", "pid": "24920", "tid": "1" },
  { "name": "DrawElements", "cat": "Default", "ph": "B", "ts": "454121", "pid": "24920", "tid": "1" },
  { "name": "DrawElements", "cat": "Default", "ph": "E", "ts": "454239", "pid": "24920", "tid": "1" },
  { "name": "DrawMesh", "cat": "Default", "ph": "E", "ts": "454242", "pid": "24920", "tid": "1" },
  { "name": "DrawMesh", "cat": "Default", "ph": "B", "ts": "454890", "pid": "24920", "tid": "1" },
  { "name": "Bind/Upload Buffers", "cat": "Default", "ph": "B", "ts": "454895", "pid": "24920", "tid": "1" },
  { "name": "Bind/Upload Buffers", "cat": "Default", "ph": "E", "ts": "454898", "pid": "24920", "tid": "1" },
  { "name": "DrawElements", "cat": "Default", "ph": "B", "ts": "454906", "pid": "24920", "tid": "1" },
  { "name": "DrawElements", "cat": "Default", "ph": "E", "ts": "454907", "pid": "24920", "tid": "1" },
  { "name": "DrawMesh", "cat": "Default", "ph": "E", "ts": "454907", "pid": "24920", "tid": "1" },
  { "name": "DrawMesh", "cat": "Default", "ph": "B", "ts": "454923", "pid": "24920", "tid": "1" },
  { "name": "Bind/Upload Buffers", "cat": "Default", "ph": "B", "ts": "454924", "pid": "24920", "tid": "1" },
  { "name": "Bind/Upload Buffers", "cat": "Default", "ph": "E", "ts": "454927", "pid": "24920", "tid": "1" },
  { "name": "DrawElements", "cat": "Default", "ph": "B", "ts": "454931", "pid": "24920", "tid": "1" },
  { "name": "DrawElements", "cat": "Default", "ph": "E", "ts": "454932", "pid": "24920", "tid": "1" },
  { "name": "DrawMesh", "cat": "Default", "ph": "E", "ts": "454932", "pid": "24920", "tid": "1" },
  { "name": "DrawMesh", "cat": "Default", "ph": "B", "ts": "454941", "pid": "24920", "tid": "1" },
  { "name": "Bind/Upload Buffers", "cat": "Default", "ph": "B", "ts": "454941", "pid": "24920", "tid": "1" },
  { "name": "Bind/Upload Buffers", "cat": "Default", "ph": "E", "ts": "454943", "pid": "24920", "tid": "1" },
  { "name": "DrawElements", "cat": "Default", "ph": "B", "ts": "454948", "pid": "24920", "tid": "1" },
  { "name": "DrawElements", "cat": "Default", "ph": "E", "ts": "454948", "pid": "24920", "tid": "1" },
  { "name": "DrawMesh", "cat": "Default", "ph": "E", "ts": "454948", "pid": "24920", "tid": "1" },
  { "name": "DrawMesh", "cat": "Default", "ph": "B", "ts": "465722", "pid": "24920", "tid": "1" },
  { "name": "Bind/Upload Buffers", "cat": "Default", "ph": "B", "ts": "466052", "pid": "24920", "tid": "1" },
  { "name": "Bind/Upload Buffers", "cat": "Default", "ph": "E", "ts": "466058", "pid": "24920", "tid": "1" },
  { "name": "DrawElements", "cat": "Default", "ph": "B", "ts": "466066", "pid": "24920", "tid": "1" },
  { "name": "DrawElements", "cat": "Default", "ph": "E", "ts": "466067", "pid": "24920", "tid": "1" },
  { "name": "DrawMesh", "cat": "Default", "ph": "E", "ts": "466067", "pid": "24920", "tid": "1" },
  { "name": "Rerender", "cat": "Default", "ph": "E", "ts": "466068", "pid": "24920", "tid": "1" },
  { "name": "OnRender", "cat": "Default", "ph": "E", "ts": "466883", "pid": "24920", "tid": "1" },
  { "name": "OnRender", "cat": "Default", "ph": "B", "ts": "469762", "pid": "24920", "tid": "1" },
  { "name": "CreateRenderInstructions", "cat": "Default", "ph": "B", "ts": "469768", "pid": "24920", "tid": "1" },
  { "name": "CreateRenderInstructions", "cat": "Default", "ph": "E", "ts": "469779", "pid": "24920", "tid": "1" },
  { "name": "RenderContextAreSame", "cat": "Default", "ph": "B", "ts": "469780", "pid": "24920", "tid": "1" },
  { "name": "RenderContextAreSame", "cat": "Default", "ph": "E", "ts": "472008", "pid": "24920", "tid": "1" },
  { "name": "OnRender", "cat": "Default", "ph": "E", "ts": "472297", "pid": "24920", "tid": "1" },
  { "name": "OnRender", "cat": "Default", "ph": "B", "ts": "474003", "pid": "24920", "tid": "1" },
  { "name": "CreateRenderInstructions", "cat": "Default", "ph": "B", "ts": "474007", "pid": "24920", "tid": "1" },
  { "name": "CreateRenderInstructions", "cat": "Default", "ph": "E", "ts": "474013", "pid": "24920", "tid": "1" },
  { "name": "RenderContextAreSame", "cat": "Default", "ph": "B", "ts": "474014", "pid": "24920", "tid": "1" },
  { "name": "RenderContextAreSame", "cat": "Default", "ph": "E", "ts": "474021", "pid": "24920", "tid": "1" },
  { "name": "OnRender", "cat": "Default", "ph": "E", "ts": "474056", "pid": "24920", "tid": "1" },
  { "name": "OnRender", "cat": "Default", "ph": "B", "ts": "484305", "pid": "24920", "tid": "1" },
  { "name": "CreateRenderInstructions", "cat": "Default", "ph": "B", "ts": "484311", "pid": "24920", "tid": "1" },
  { "name": "CreateRenderInstructions", "cat": "Default", "ph": "E", "ts": "484319", "pid": "24920", "tid": "1" },
  { "name": "RenderContextAreSame", "cat": "Default", "ph": "B", "ts": "484320", "pid": "24920", "tid": "1" },
  { "name": "RenderContextAreSame", "cat": "Default", "ph": "E", "ts": "484329", "pid": "24920", "tid": "1" },
  { "name": "OnRender", "cat": "Default", "ph": "E", "ts": "484350", "pid": "24920", "tid": "1" },
  { "name": "OnRender", "cat": "Default", "ph": "B", "ts": "500794", "pid": "24920", "tid": "1" },
  { "name": "CreateRenderInstructions", "cat": "Default", "ph": "B", "ts": "500799", "pid": "24920", "tid": "1" },
  { "name": "CreateRenderInstructions", "cat": "Default", "ph": "E", "ts": "500807", "pid": "24920", "tid": "1" },
  { "name": "RenderContextAreSame", "cat": "Default", "ph": "B", "ts": "500807", "pid": "24920", "tid": "1" },
  { "name": "RenderContextAreSame", "cat": "Default", "ph": "E", "ts": "500817", "pid": "24920", "tid": "1" },
  { "name": "OnRender", "cat": "Default", "ph": "E", "ts": "500831", "pid": "24920", "tid": "1" },
  { "name": "OnRender", "cat": "Default", "ph": "B", "ts": "517488", "pid": "24920", "tid": "1" },
  { "name": "CreateRenderInstructions", "cat": "Default", "ph": "B", "ts": "517493", "pid": "24920", "tid": "1" },
  { "name": "CreateRenderInstructions", "cat": "Default", "ph": "E", "ts": "517500", "pid": "24920", "tid": "1" },
  { "name": "RenderContextAreSame", "cat": "Default", "ph": "B", "ts": "517500", "pid": "24920", "tid": "1" },
  { "name": "RenderContextAreSame", "cat": "Default", "ph": "E", "ts": "517510", "pid": "24920", "tid": "1" },
  { "name": "OnRender", "cat": "Default", "ph": "E", "ts": "517531", "pid": "24920", "tid": "1" },
  { "name": "OnRender", "cat": "Default", "ph": "B", "ts": "534132", "pid": "24920", "tid": "1" },
  { "name": "CreateRenderInstructions", "cat": "Default", "ph": "B", "ts": "534138", "pid": "24920", "tid": "1" },
  { "name": "CreateRenderInstructions", "cat": "Default", "ph": "E", "ts": "534146", "pid": "24920", "tid": "1" },
  { "name": "RenderContextAreSame", "cat": "Default", "ph": "B", "ts": "534146", "pid": "24920", "tid": "1" },
  { "name": "RenderContextAreSame", "cat": "Default", "ph": "E", "ts": "534157", "pid": "24920", "tid": "1" },
  { "name": "OnRender", "cat": "Default", "ph": "E", "ts": "534169", "pid": "24920", "tid": "1" },
  { "name": "OnRender", "cat": "Default", "ph": "B", "ts": "550831", "pid": "24920", "tid": "1" },
  { "name": "CreateRenderInstructions", "cat": "Default", "ph": "B", "ts": "550835", "pid": "24920", "tid": "1" },
  { "name": "CreateRenderInstructions", "cat": "Default", "ph": "E", "ts": "550840", "pid": "24920", "tid": "1" },
  { "name": "RenderContextAreSame", "cat": "Default", "ph": "B", "ts": "550841", "pid": "24920", "tid": "1" },
  { "name": "RenderContextAreSame", "cat": "Default", "ph": "E", "ts": "550848", "pid": "24920", "tid": "1" },
  { "name": "OnRender", "cat": "Default", "ph": "E", "ts": "550864", "pid": "24920", "tid": "1" },
  { "name": "OnRender", "cat": "Default", "ph": "B", "ts": "567436", "pid": "24920", "tid": "1" },
  { "name": "CreateRenderInstructions", "cat": "Default", "ph": "B", "ts": "567440", "pid": "24920", "tid": "1" },
  { "name": "CreateRenderInstructions", "cat": "Default", "ph": "E", "ts": "567446", "pid": "24920", "tid": "1" },
  { "name": "RenderContextAreSame", "cat": "Default", "ph": "B", "ts": "567446", "pid": "24920", "tid": "1" },
  { "name": "RenderContextAreSame", "cat": "Default", "ph": "E", "ts": "567454", "pid": "24920", "tid": "1" },
  { "name": "OnRender", "cat": "Default", "ph": "E", "ts": "567464", "pid": "24920", "tid": "1" },
  { "name": "OnRender", "cat": "Default", "ph": "B", "ts": "584190", "pid": "24920", "tid": "1" },
  { "name": "CreateRenderInstructions", "cat": "Default", "ph": "B", "ts": "584196", "pid": "24920", "tid": "1" },
  { "name": "CreateRenderInstructions", "cat": "Default", "ph": "E", "ts": "584202", "pid": "24920", "tid": "1" },
  { "name": "RenderContextAreSame", "cat": "Default", "ph": "B", "ts": "584203", "pid": "24920", "tid": "1" },
  { "name": "RenderContextAreSame", "cat": "Default", "ph": "E", "ts": "584213", "pid": "24920", "tid": "1" },
  { "name": "OnRender", "cat": "Default", "ph": "E", "ts": "584232", "pid": "24920", "tid": "1" },
  { "name": "OnRender", "cat": "Default", "ph": "B", "ts": "600798", "pid": "24920", "tid": "1" },
  { "name": "CreateRenderInstructions", "cat": "Default", "ph": "B", "ts": "600803", "pid": "24920", "tid": "1" },
  { "name": "CreateRenderInstructions", "cat": "Default", "ph": "E", "ts": "600810", "pid": "24920", "tid": "1" },
  { "name": "RenderContextAreSame", "cat": "Default", "ph": "B", "ts": "600811", "pid": "24920", "tid": "1" },
  { "name": "RenderContextAreSame", "cat": "Default", "ph": "E", "ts": "600821", "pid": "24920", "tid": "1" },
  { "name": "OnRender", "cat": "Default", "ph": "E", "ts": "600834", "pid": "24920", "tid": "1" },
  { "name": "OnRender", "cat": "Default", "ph": "B", "ts": "617466", "pid": "24920", "tid": "1" },
  { "name": "CreateRenderInstructions", "cat": "Default", "ph": "B", "ts": "617471", "pid": "24920", "tid": "1" },
  { "name": "CreateRenderInstructions", "cat": "Default", "ph": "E", "ts": "617478", "pid": "24920", "tid": "1" },
  { "name": "RenderContextAreSame", "cat": "Default", "ph": "B", "ts": "617479", "pid": "24920", "tid": "1" },
  { "name": "RenderContextAreSame", "cat": "Default", "ph": "E", "ts": "617489", "pid": "24920", "tid": "1" },
  { "name": "OnRender", "cat": "Default", "ph": "E", "ts": "617509", "pid": "24920", "tid": "1" },
  { "name": "OnRender", "cat": "Default", "ph": "B", "ts": "634165", "pid": "24920", "tid": "1" },
  { "name": "CreateRenderInstructions", "cat": "Default", "ph": "B", "ts": "634170", "pid": "24920", "tid": "1" },
  { "name": "CreateRenderInstructions", "cat": "Default", "ph": "E", "ts": "634181", "pid": "24920", "tid": "1" },
  { "name": "RenderContextAreSame", "cat": "Default", "ph": "B", "ts": "634182", "pid": "24920", "tid": "1" },
  { "name": "RenderContextAreSame", "cat": "Default", "ph": "E", "ts": "634191", "pid": "24920", "tid": "1" },
  { "name": "OnRender", "cat": "Default", "ph": "E", "ts": "634204", "pid": "24920", "tid": "1" },
  { "name": "OnRender", "cat": "Default", "ph": "B", "ts": "650839", "pid": "24920", "tid": "1" },
  { "name": "CreateRenderInstructions", "cat": "Default", "ph": "B", "ts": "650845", "pid": "24920", "tid": "1" },
  { "name": "CreateRenderInstructions", "cat": "Default", "ph": "E", "ts": "650854", "pid": "24920", "tid": "1" },
  { "name": "RenderContextAreSame", "cat": "Default", "ph": "B", "ts": "650854", "pid": "24920", "tid": "1" },
  { "name": "RenderContextAreSame", "cat": "Default", "ph": "E", "ts": "650872", "pid": "24920", "tid": "1" },
  { "name": "OnRender", "cat": "Default", "ph": "E", "ts": "650897", "pid": "24920", "tid": "1" },
  { "name": "OnRender", "cat": "Default", "ph": "B", "ts": "667496", "pid": "24920", "tid": "1" },
  { "name": "CreateRenderInstructions", "cat": "Default", "ph": "B", "ts": "667501", "pid": "24920", "tid": "1" },
  { "name": "CreateRenderInstructions", "cat": "Default", "ph": "E", "ts": "667510", "pid": "24920", "tid": "1" },
  { "name": "RenderContextAreSame", "cat": "Default", "ph": "B", "ts": "667511", "pid": "24920", "tid": "1" },
  { "name": "RenderContextAreSame", "cat": "Default", "ph": "E", "ts": "667528", "pid": "24920", "tid": "1" },
  { "name": "OnRender", "cat": "Default", "ph": "E", "ts": "667544", "pid": "24920", "tid": "1" },
  { "name": "OnRender", "cat": "Default", "ph": "B", "ts": "684146", "pid": "24920", "tid": "1" },
  { "name": "CreateRenderInstructions", "cat": "Default", "ph": "B", "ts": "684152", "pid": "24920", "tid": "1" },
  { "name": "CreateRenderInstructions", "cat": "Default", "ph": "E", "ts": "684161", "pid": "24920", "tid": "1" },
  { "name": "RenderContextAreSame", "cat": "Default", "ph": "B", "ts": "684162", "pid": "24920", "tid": "1" },
  { "name": "RenderContextAreSame", "cat": "Default", "ph": "E", "ts": "684174", "pid": "24920", "tid": "1" },
  { "name": "OnRender", "cat": "Default", "ph": "E", "ts": "684197", "pid": "24920", "tid": "1" },
  { "name": "OnRender", "cat": "Default", "ph": "B", "ts": "700812", "pid": "24920", "tid": "1" },
  { "name": "CreateRenderInstructions", "cat": "Default", "ph": "B", "ts": "700817", "pid": "24920", "tid": "1" },
  { "name": "CreateRenderInstructions", "cat": "Default", "ph": "E", "ts": "700825", "pid": "24920", "tid": "1" },
  { "name": "RenderContextAreSame", "cat": "Default", "ph": "B", "ts": "700826", "pid": "24920", "tid": "1" },
  { "name": "RenderContextAreSame", "cat": "Default", "ph": "E", "ts": "700836", "pid": "24920", "tid": "1" },
  { "name": "OnRender", "cat": "Default", "ph": "E", "ts": "700849", "pid": "24920", "tid": "1" },
  { "name": "OnRender", "cat": "Default", "ph": "B", "ts": "717472", "pid": "24920", "tid": "1" },
  { "name": "CreateRenderInstructions", "cat": "Default", "ph": "B", "ts": "717478", "pid": "24920", "tid": "1" },
  { "name": "CreateRenderInstructions", "cat": "Default", "ph": "E", "ts": "717488", "pid": "24920", "tid": "1" },
  { "name": "RenderContextAreSame", "cat": "Default", "ph": "B", "ts": "717489", "pid": "24920", "tid": "1" },
  { "name": "RenderContextAreSame", "cat": "Default", "ph": "E", "ts": "717500", "pid": "24920", "tid": "1" },
  { "name": "OnRender", "cat": "Default", "ph": "E", "ts": "717523", "pid": "24920", "tid": "1" },
  { "name": "OnRender", "cat": "Default", "ph": "B", "ts": "734148", "pid": "24920", "tid": "1" },
  { "name": "CreateRenderInstructions", "cat": "Default", "ph": "B", "ts": "734153", "pid": "24920", "tid": "1" },
  { "name": "CreateRenderInstructions", "cat": "Default", "ph": "E", "ts": "734163", "pid": "24920", "tid": "1" },
  { "name": "RenderContextAreSame", "cat": "Default", "ph": "B", "ts": "734164", "pid": "24920", "tid": "1" },
  { "name": "RenderContextAreSame", "cat": "Default", "ph": "E", "ts": "734175", "pid": "24920", "tid": "1" },
  { "name": "OnRender", "cat": "Default", "ph": "E", "ts": "734191", "pid": "24920", "tid": "1" },
  { "name": "OnRender", "cat": "Default", "ph": "B", "ts": "750786", "pid": "24920", "tid": "1" },
  { "name": "CreateRenderInstructions", "cat": "Default", "ph": "B", "ts": "750791", "pid": "24920", "tid": "1" },
  { "name": "CreateRenderInstructions", "cat": "Default", "ph": "E", "ts": "750799", "pid": "24920", "tid": "1" },
  { "name": "RenderContextAreSame", "cat": "Default", "ph": "B", "ts": "750800", "pid": "24920", "tid": "1" },
  { "name": "RenderContextAreSame", "cat": "Default", "ph": "E", "ts": "750811", "pid": "24920", "tid": "1" },
  { "name": "OnRender", "cat": "Default", "ph": "E", "ts": "750831", "pid": "24920", "tid": "1" },
  { "name": "OnRender", "cat": "Default", "ph": "B", "ts": "767505", "pid": "24920", "tid": "1" },
  { "name": "CreateRenderInstructions", "cat": "Default", "ph": "B", "ts": "767511", "pid": "24920", "tid": "1" },
  { "name": "CreateRenderInstructions", "cat": "Default", "ph": "E", "ts": "767520", "pid": "24920", "tid": "1" },
  { "name": "RenderContextAreSame", "cat": "Default", "ph": "B", "ts": "767520", "pid": "24920", "tid": "1" },
  { "name": "RenderContextAreSame", "cat": "Default", "ph": "E", "ts": "767532", "pid": "24920", "tid": "1" },
  { "name": "OnRender", "cat": "Default", "ph": "E", "ts": "767546", "pid": "24920", "tid": "1" },
  { "name": "OnRender", "cat": "Default", "ph": "B", "ts": "784125", "pid": "24920", "tid": "1" },
  { "name": "CreateRenderInstructions", "cat": "Default", "ph": "B", "ts": "784132", "pid": "24920", "tid": "1" },
  { "name": "CreateRenderInstructions", "cat": "Default", "ph": "E", "ts": "784141", "pid": "24920", "tid": "1" },
  { "name": "RenderContextAreSame", "cat": "Default", "ph": "B", "ts": "784141", "pid": "24920", "tid": "1" },
  { "name": "RenderContextAreSame", "cat": "Default", "ph": "E", "ts": "784152", "pid": "24920", "tid": "1" },
  { "name": "OnRender", "cat": "Default", "ph": "E", "ts": "784170", "pid": "24920", "tid": "1" },
  { "name": "OnRender", "cat": "Default", "ph": "B", "ts": "800792", "pid": "24920", "tid": "1" },
  { "name": "CreateRenderInstructions", "cat": "Default", "ph": "B", "ts": "800798", "pid": "24920", "tid": "1" },
  { "name": "CreateRenderInstructions", "cat": "Default", "ph": "E", "ts": "800812", "pid": "24920", "tid": "1" },
  { "name": "RenderContextAreSame", "cat": "Default", "ph": "B", "ts": "800813", "pid": "24920", "tid": "1" },
  { "name": "RenderContextAreSame", "cat": "Default", "ph": "E", "ts": "800824", "pid": "24920", "tid": "1" },
  { "name": "OnRender", "cat": "Default", "ph": "E", "ts": "800838", "pid": "24920", "tid": "1" },
  { "name": "OnRender", "cat": "Default", "ph": "B", "ts": "817530", "pid": "24920", "tid": "1" },
  { "name": "CreateRenderInstructions", "cat": "Default", "ph": "B", "ts": "817537", "pid": "24920", "tid": "1" },
  { "name": "CreateRenderInstructions", "cat": "Default", "ph": "E", "ts": "817551", "pid": "24920", "tid": "1" },
  { "name": "RenderContextAreSame", "cat": "Default", "ph": "B", "ts": "817551", "pid": "24920", "tid": "1" },
  { "name": "RenderContextAreSame", "cat": "Default", "ph": "E", "ts": "817563", "pid": "24920", "tid": "1" },
  { "name": "OnRender", "cat": "Default", "ph": "E", "ts": "817585", "pid": "24920", "tid": "1" },
  { "name": "OnRender", "cat": "Default", "ph": "B", "ts": "834085", "pid": "24920", "tid": "1" },
  { "name": "CreateRenderInstructions", "cat": "Default", "ph": "B", "ts": "834089", "pid": "24920", "tid": "1" },
  { "name": "CreateRenderInstructions", "cat": "Default", "ph": "E", "ts": "834095", "pid": "24920", "tid": "1" },
  { "name": "RenderContextAreSame", "cat": "Default", "ph": "B", "ts": "834096", "pid": "24920", "tid": "1" },
  { "name": "RenderContextAreSame", "cat": "Default", "ph": "E", "ts": "834105", "pid": "24920", "tid": "1" },
  { "name": "OnRender", "cat": "Default", "ph": "E", "ts": "834116", "pid": "24920", "tid": "1" },
  { "name": "OnRender", "cat": "Default", "ph": "B", "ts": "850792", "pid": "24920", "tid": "1" },
  { "name": "CreateRenderInstructions", "cat": "Default", "ph": "B", "ts": "850798", "pid": "24920", "tid": "1" },
  { "name": "CreateRenderInstructions", "cat": "Default", "ph": "E", "ts": "850806", "pid": "24920", "tid": "1" },
  { "name": "RenderContextAreSame", "cat": "Default", "ph": "B", "ts": "850806", "pid": "24920", "tid": "1" },
  { "name": "RenderContextAreSame", "cat": "Default", "ph": "E", "ts": "850818", "pid": "24920", "tid": "1" },
  { "name": "OnRender", "cat": "Default", "ph": "E", "ts": "850838", "pid": "24920", "tid": "1" },
  { "name": "OnRender", "cat": "Default", "ph": "B", "ts": "867461", "pid": "24920", "tid": "1" },
  { "name": "CreateRenderInstructions", "cat": "Default", "ph": "B", "ts": "867466", "pid": "24920", "tid": "1" },
  { "name": "CreateRenderInstructions", "cat": "Default", "ph": "E", "ts": "867474", "pid": "24920", "tid": "1" },
  { "name": "RenderContextAreSame", "cat": "Default", "ph": "B", "ts": "867475", "pid": "24920", "tid": "1" },
  { "name": "RenderContextAreSame", "cat": "Default", "ph": "E", "ts": "867486", "pid": "24920", "tid": "1" },
  { "name": "OnRender", "cat": "Default", "ph": "E", "ts": "867499", "pid": "24920", "tid": "1" },
  { "name": "OnRender", "cat": "Default", "ph": "B", "ts": "884128", "pid": "24920", "tid": "1" },
  { "name": "CreateRenderInstructions", "cat": "Default", "ph": "B", "ts": "884132", "pid": "24920", "tid": "1" },
  { "name": "CreateRenderInstructions", "cat": "Default", "ph": "E", "ts": "884142", "pid": "24920", "tid": "1" },
  { "name": "RenderContextAreSame", "cat": "Default", "ph": "B", "ts": "884142", "pid": "24920", "tid": "1" },
  { "name": "RenderContextAreSame", "cat": "Default", "ph": "E", "ts": "884153", "pid": "24920", "tid": "1" },
  { "name": "OnRender", "cat": "Default", "ph": "E", "ts": "884174", "pid": "24920", "tid": "1" },
  { "name": "OnRender", "cat": "Default", "ph": "B", "ts": "900814", "pid": "24920", "tid": "1" },
  { "name": "CreateRenderInstructions", "cat": "Default", "ph": "B", "ts": "900821", "pid": "24920", "tid": "1" },
  { "name": "CreateRenderInstructions", "cat": "Default", "ph": "E", "ts": "900829", "pid": "24920", "tid": "1" },
  { "name": "RenderContextAreSame", "cat": "Default", "ph": "B", "ts": "900830", "pid": "24920", "tid": "1" },
  { "name": "RenderContextAreSame", "cat": "Default", "ph": "E", "ts": "900841", "pid": "24920", "tid": "1" },
  { "name": "OnRender", "cat": "Default", "ph": "E", "ts": "900855", "pid": "24920", "tid": "1" },
  { "name": "OnRender", "cat": "Default", "ph": "B", "ts": "917483", "pid": "24920", "tid": "1" },
  { "name": "CreateRenderInstructions", "cat": "Default", "ph": "B", "ts": "917487", "pid": "24920", "tid": "1" },
  { "name": "CreateRenderInstructions", "cat": "Default", "ph": "E", "ts": "917499", "pid": "24920", "tid": "1" },
  { "name": "RenderContextAreSame", "cat": "Default", "ph": "B", "ts": "917499", "pid": "24920", "tid": "1" },
  { "name": "RenderContextAreSame", "cat": "Default", "ph": "E", "ts": "917511", "pid": "24920", "tid": "1" },
  { "name": "OnRender", "cat": "Default", "ph": "E", "ts": "917598", "pid": "24920", "tid": "1" },
  { "name": "OnRender", "cat": "Default", "ph": "B", "ts": "934150", "pid": "24920", "tid": "1" },
  { "name": "CreateRenderInstructions", "cat": "Default", "ph": "B", "ts": "934155", "pid": "24920", "tid": "1" },
  { "name": "CreateRenderInstructions", "cat": "Default", "ph": "E", "ts": "934164", "pid": "24920", "tid": "1" },
  { "name": "RenderContextAreSame", "cat": "Default", "ph": "B", "ts": "934165", "pid": "24920", "tid": "1" },
  { "name": "RenderContextAreSame", "cat": "Default", "ph": "E", "ts": "934174", "pid": "24920", "tid": "1" },
  { "name": "OnRender", "cat": "Default", "ph": "E", "ts": "934189", "pid": "24920", "tid": "1" },
  { "name": "OnRender", "cat": "Default", "ph": "B", "ts": "950804", "pid": "24920", "tid": "1" },
  { "name": "CreateRenderInstructions", "cat": "Default", "ph": "B", "ts": "950809", "pid": "24920", "tid": "1" },
  { "name": "CreateRenderInstructions", "cat": "Default", "ph": "E", "ts": "950817", "pid": "24920", "tid": "1" },
  { "name": "RenderContextAreSame", "cat": "Default", "ph": "B", "ts": "950818", "pid": "24920", "tid": "1" },
  { "name": "RenderContextAreSame", "cat": "Default", "ph": "E", "ts": "950826", "pid": "24920", "tid": "1" },
  { "name": "OnRender", "cat": "Default", "ph": "E", "ts": "950847", "pid": "24920", "tid": "1" },
  { "name": "OnRender", "cat": "Default", "ph": "B", "ts": "967472", "pid": "24920", "tid": "1" },
  { "name": "CreateRenderInstructions", "cat": "Default", "ph": "B", "ts": "967477", "pid": "24920", "tid": "1" },
  { "name": "CreateRenderInstructions", "cat": "Default", "ph": "E", "ts": "967486", "pid": "24920", "tid": "1" },
  { "name": "RenderContextAreSame", "cat": "Default", "ph": "B", "ts": "967487", "pid": "24920", "tid": "1" },
  { "name": "RenderContextAreSame", "cat": "Default", "ph": "E", "ts": "967495", "pid": "24920", "tid": "1" },
  { "name": "OnRender", "cat": "Default", "ph": "E", "ts": "967510", "pid": "24920", "tid": "1" },
  { "name": "OnRender", "cat": "Default", "ph": "B", "ts": "984134", "pid": "24920", "tid": "1" },
  { "name": "CreateRenderInstructions", "cat": "Default", "ph": "B", "ts": "984139", "pid": "24920", "tid": "1" },
  { "name": "CreateRenderInstructions", "cat": "Default", "ph": "E", "ts": "984147", "pid": "24920", "tid": "1" },
  { "name": "RenderContextAreSame", "cat": "Default", "ph": "B", "ts": "984147", "pid": "24920", "tid": "1" },
  { "name": "RenderContextAreSame", "cat": "Default", "ph": "E", "ts": "984156", "pid": "24920", "tid": "1" },
  { "name": "OnRender", "cat": "Default", "ph": "E", "ts": "984176", "pid": "24920", "tid": "1" },
  { "name": "OnRender", "cat": "Default", "ph": "B", "ts": "1000810", "pid": "24920", "tid": "1" },
  { "name": "CreateRenderInstructions", "cat": "Default", "ph": "B", "ts": "1000815", "pid": "24920", "tid": "1" },
  { "name": "CreateRenderInstructions", "cat": "Default", "ph": "E", "ts": "1000824", "pid": "24920", "tid": "1" },
  { "name": "RenderContextAreSame", "cat": "Default", "ph": "B", "ts": "1000824", "pid": "24920", "tid": "1" },
  { "name": "RenderContextAreSame", "cat": "Default", "ph": "E", "ts": "1000832", "pid": "24920", "tid": "1" },
  { "name": "OnRender", "cat": "Default", "ph": "E", "ts": "1000851", "pid": "24920", "tid": "1" },
  { "name": "OnRender", "cat": "Default", "ph": "B", "ts": "1017465", "pid": "24920", "tid": "1" },
  { "name": "CreateRenderInstructions", "cat": "Default", "ph": "B", "ts": "1017470", "pid": "24920", "tid": "1" },
  { "name": "CreateRenderInstructions", "cat": "Default", "ph": "E", "ts": "1017478", "pid": "24920", "tid": "1" },
  { "name": "RenderContextAreSame", "cat": "Default", "ph": "B", "ts": "1017478", "pid": "24920", "tid": "1" },
  { "name": "RenderContextAreSame", "cat": "Default", "ph": "E", "ts": "1017487", "pid": "24920", "tid": "1" },
  { "name": "OnRender", "cat": "Default", "ph": "E", "ts": "1017507", "pid": "24920", "tid": "1" },
  { "name": "OnRender", "cat": "Default", "ph": "B", "ts": "1034153", "pid": "24920", "tid": "1" },
  { "name": "CreateRenderInstructions", "cat": "Default", "ph": "B", "ts": "1034158", "pid": "24920", "tid": "1" },
  { "name": "CreateRenderInstructions", "cat": "Default", "ph": "E", "ts": "1034169", "pid": "24920", "tid": "1" },
  { "name": "RenderContextAreSame", "cat": "Default", "ph": "B", "ts": "1034170", "pid": "24920", "tid": "1" },
  { "name": "RenderContextAreSame", "cat": "Default", "ph": "E", "ts": "1034178", "pid": "24920", "tid": "1" },
  { "name": "OnRender", "cat": "Default", "ph": "E", "ts": "1034191", "pid": "24920", "tid": "1" },
  { "name": "OnRender", "cat": "Default", "ph": "B", "ts": "1050799", "pid": "24920", "tid": "1" },
  { "name": "CreateRenderInstructions", "cat": "Default", "ph": "B", "ts": "1050805", "pid": "24920", "tid": "1" },
  { "name": "CreateRenderInstructions", "cat": "Default", "ph": "E", "ts": "1050814", "pid": "24920", "tid": "1" },
  { "name": "RenderContextAreSame", "cat": "Default", "ph": "B", "ts": "1050814", "pid": "24920", "tid": "1" },
  { "name": "RenderContextAreSame", "cat": "Default", "ph": "E", "ts": "1050823", "pid": "24920", "tid": "1" },
  { "name": "OnRender", "cat": "Default", "ph": "E", "ts": "1050843", "pid": "24920", "tid": "1" },
  { "name": "OnRender", "cat": "Default", "ph": "B", "ts": "1067464", "pid": "24920", "tid": "1" },
  { "name": "CreateRenderInstructions", "cat": "Default", "ph": "B", "ts": "1067468", "pid": "24920", "tid": "1" },
  { "name": "CreateRenderInstructions", "cat": "Default", "ph": "E", "ts": "1067483", "pid": "24920", "tid": "1" },
  { "name": "RenderContextAreSame", "cat": "Default", "ph": "B", "ts": "1067483", "pid": "24920", "tid": "1" },
  { "name": "RenderContextAreSame", "cat": "Default", "ph": "E", "ts": "1067491", "pid": "24920", "tid": "1" },
  { "name": "OnRender", "cat": "Default", "ph": "E", "ts": "1067503", "pid": "24920", "tid": "1" },
  { "name": "OnRender", "cat": "Default", "ph": "B", "ts": "1084091", "pid": "24920", "tid": "1" },
  { "name": "CreateRenderInstructions", "cat": "Default", "ph": "B", "ts": "1084096", "pid": "24920", "tid": "1" },
  { "name": "CreateRenderInstructions", "cat": "Default", "ph": "E", "ts": "1084103", "pid": "24920", "tid": "1" },
  { "name": "RenderContextAreSame", "cat": "Default", "ph": "B", "ts": "1084103", "pid": "24920", "tid": "1" },
  { "name": "RenderContextAreSame", "cat": "Default", "ph": "E", "ts": "1084111", "pid": "24920", "tid": "1" },
  { "name": "OnRender", "cat": "Default", "ph": "E", "ts": "1084129", "pid": "24920", "tid": "1" },
  { "name": "OnRender", "cat": "Default", "ph": "B", "ts": "1100787", "pid": "24920", "tid": "1" },
  { "name": "CreateRenderInstructions", "cat": "Default", "ph": "B", "ts": "1100792", "pid": "24920", "tid": "1" },
  { "name": "CreateRenderInstructions", "cat": "Default", "ph": "E", "ts": "1100800", "pid": "24920", "tid": "1" },
  { "name": "RenderContextAreSame", "cat": "Default", "ph": "B", "ts": "1100800", "pid": "24920", "tid": "1" },
  { "name": "RenderContextAreSame", "cat": "Default", "ph": "E", "ts": "1100809", "pid": "24920", "tid": "1" },
  { "name": "OnRender", "cat": "Default", "ph": "E", "ts": "1100823", "pid": "24920", "tid": "1" },
  { "name": "OnRender", "cat": "Default", "ph": "B", "ts": "1117502", "pid": "24920", "tid": "1" },
  { "name": "CreateRenderInstructions", "cat": "Default", "ph": "B", "ts": "1117509", "pid": "24920", "tid": "1" },
  { "name": "CreateRenderInstructions", "cat": "Default", "ph": "E", "ts": "1117521", "pid": "24920", "tid": "1" },
  { "name": "RenderContextAreSame", "cat": "Default", "ph": "B", "ts": "1117521", "pid": "24920", "tid": "1" },
  { "name": "RenderContextAreSame", "cat": "Default", "ph": "E", "ts": "1117530", "pid": "24920", "tid": "1" },
  { "name": "OnRender", "cat": "Default", "ph": "E", "ts": "1117550", "pid": "24920", "tid": "1" },
  { "name": "OnRender", "cat": "Default", "ph": "B", "ts": "1134243", "pid": "24920", "tid": "1" },
  { "name": "CreateRenderInstructions", "cat": "Default", "ph": "B", "ts": "1134249", "pid": "24920", "tid": "1" },
  { "name": "CreateRenderInstructions", "cat": "Default", "ph": "E", "ts": "1134262", "pid": "24920", "tid": "1" },
  { "name": "RenderContextAreSame", "cat": "Default", "ph": "B", "ts": "1134262", "pid": "24920", "tid": "1" },
  { "name": "RenderContextAreSame", "cat": "Default", "ph": "E", "ts": "1134273", "pid": "24920", "tid": "1" },
  { "name": "OnRender", "cat": "Default", "ph": "E", "ts": "1134292", "pid": "24920", "tid": "1" },
  { "name": "OnRender", "cat": "Default", "ph": "B", "ts": "1150804", "pid": "24920", "tid": "1" },
  { "name": "CreateRenderInstructions", "cat": "Default", "ph": "B", "ts": "1150808", "pid": "24920", "tid": "1" },
  { "name": "CreateRenderInstructions", "cat": "Default", "ph": "E", "ts": "1150817", "pid": "24920", "tid": "1" },
  { "name": "RenderContextAreSame", "cat": "Default", "ph": "B", "ts": "1150817", "pid": "24920", "tid": "1" },
  { "name": "RenderContextAreSame", "cat": "Default", "ph": "E", "ts": "1150826", "pid": "24920", "tid": "1" },
  { "name": "OnRender", "cat": "Default", "ph": "E", "ts": "1150851", "pid": "24920", "tid": "1" },
  { "name": "OnRender", "cat": "Default", "ph": "B", "ts": "1167463", "pid": "24920", "tid": "1" },
  { "name": "CreateRenderInstructions", "cat": "Default", "ph": "B", "ts": "1167467", "pid": "24920", "tid": "1" },
  { "name": "CreateRenderInstructions", "cat": "Default", "ph": "E", "ts": "1167472", "pid": "24920", "tid": "1" },
  { "name": "RenderContextAreSame", "cat": "Default", "ph": "B", "ts": "1167473", "pid": "24920", "tid": "1" },
  { "name": "RenderContextAreSame", "cat": "Default", "ph": "E", "ts": "1167478", "pid": "24920", "tid": "1" },
  { "name": "OnRender", "cat": "Default", "ph": "E", "ts": "1167490", "pid": "24920", "tid": "1" },
  { "name": "OnRender", "cat": "Default", "ph": "B", "ts": "1184130", "pid": "24920", "tid": "1" },
  { "name": "CreateRenderInstructions", "cat": "Default", "ph": "B", "ts": "1184134", "pid": "24920", "tid": "1" },
  { "name": "CreateRenderInstructions", "cat": "Default", "ph": "E", "ts": "1184139", "pid": "24920", "tid": "1" },
  { "name": "RenderContextAreSame", "cat": "Default", "ph": "B", "ts": "1184139", "pid": "24920", "tid": "1" },
  { "name": "RenderContextAreSame", "cat": "Default", "ph": "E", "ts": "1184146", "pid": "24920", "tid": "1" },
  { "name": "OnRender", "cat": "Default", "ph": "E", "ts": "1184165", "pid": "24920", "tid": "1" },
  { "name": "OnRender", "cat": "Default", "ph": "B", "ts": "1200787", "pid": "24920", "tid": "1" },
  { "name": "CreateRenderInstructions", "cat": "Default", "ph": "B", "ts": "1200791", "pid": "24920", "tid": "1" },
  { "name": "CreateRenderInstructions", "cat": "Default", "ph": "E", "ts": "1200796", "pid": "24920", "tid": "1" },
  { "name": "RenderContextAreSame", "cat": "Default", "ph": "B", "ts": "1200796", "pid": "24920", "tid": "1" },
  { "name": "RenderContextAreSame", "cat": "Default", "ph": "E", "ts": "1200802", "pid": "24920", "tid": "1" },
  { "name": "OnRender", "cat": "Default", "ph": "E", "ts": "1200813", "pid": "24920", "tid": "1" },
  { "name": "OnRender", "cat": "Default", "ph": "B", "ts": "1217444", "pid": "24920", "tid": "1" },
  { "name": "CreateRenderInstructions", "cat": "Default", "ph": "B", "ts": "1217448", "pid": "24920", "tid": "1" },
  { "name": "CreateRenderInstructions", "cat": "Default", "ph": "E", "ts": "1217453", "pid": "24920", "tid": "1" },
  { "name": "RenderContextAreSame", "cat": "Default", "ph": "B", "ts": "1217453", "pid": "24920", "tid": "1" },
  { "name": "RenderContextAreSame", "cat": "Default", "ph": "E", "ts": "1217459", "pid": "24920", "tid": "1" },
  { "name": "OnRender", "cat": "Default", "ph": "E", "ts": "1217477", "pid": "24920", "tid": "1" },
  { "name": "OnRender", "cat": "Default", "ph": "B", "ts": "1234318", "pid": "24920", "tid": "1" },
  { "name": "CreateRenderInstructions", "cat": "Default", "ph": "B", "ts": "1234322", "pid": "24920", "tid": "1" },
  { "name": "CreateRenderInstructions", "cat": "Default", "ph": "E", "ts": "1234326", "pid": "24920", "tid": "1" },
  { "name": "RenderContextAreSame", "cat": "Default", "ph": "B", "ts": "1234326", "pid": "24920", "tid": "1" },
  { "name": "RenderContextAreSame", "cat": "Default", "ph": "E", "ts": "1234330", "pid": "24920", "tid": "1" },
  { "name": "OnRender", "cat": "Default", "ph": "E", "ts": "1234340", "pid": "24920", "tid": "1" },
  { "name": "OnRender", "cat": "Default", "ph": "B", "ts": "1251738", "pid": "24920", "tid": "1" },
  { "name": "CreateRenderInstructions", "cat": "Default", "ph": "B", "ts": "1251742", "pid": "24920", "tid": "1" },
  { "name": "CreateRenderInstructions", "cat": "Default", "ph": "E", "ts": "1251747", "pid": "24920", "tid": "1" },
  { "name": "RenderContextAreSame", "cat": "Default", "ph": "B", "ts": "1251747", "pid": "24920", "tid": "1" },
  { "name": "RenderContextAreSame", "cat": "Default", "ph": "E", "ts": "1251754", "pid": "24920", "tid": "1" },
  { "name": "OnRender", "cat": "Default", "ph": "E", "ts": "1251772", "pid": "24920", "tid": "1" },
  { "name": "OnRender", "cat": "Default", "ph": "B", "ts": "1268395", "pid": "24920", "tid": "1" },
  { "name": "CreateRenderInstructions", "cat": "Default", "ph": "B", "ts": "1268399", "pid": "24920", "tid": "1" },
  { "name": "CreateRenderInstructions", "cat": "Default", "ph": "E", "ts": "1268403", "pid": "24920", "tid": "1" },
  { "name": "RenderContextAreSame", "cat": "Default", "ph": "B", "ts": "1268403", "pid": "24920", "tid": "1" },
  { "name": "RenderContextAreSame", "cat": "Default", "ph": "E", "ts": "1268408", "pid": "24920", "tid": "1" },
  { "name": "OnRender", "cat": "Default", "ph": "E", "ts": "1268417", "pid": "24920", "tid": "1" },
  { "name": "OnRender", "cat": "Default", "ph": "B", "ts": "1284667", "pid": "24920", "tid": "1" },
  { "name": "CreateRenderInstructions", "cat": "Default", "ph": "B", "ts": "1284671", "pid": "24920", "tid": "1" },
  { "name": "CreateRenderInstructions", "cat": "Default", "ph": "E", "ts": "1284683", "pid": "24920", "tid": "1" },
  { "name": "RenderContextAreSame", "cat": "Default", "ph": "B", "ts": "1284684", "pid": "24920", "tid": "1" },
  { "name": "RenderContextAreSame", "cat": "Default", "ph": "E", "ts": "1284689", "pid": "24920", "tid": "1" },
  { "name": "OnRender", "cat": "Default", "ph": "E", "ts": "1284711", "pid": "24920", "tid": "1" },
  { "name": "OnRender", "cat": "Default", "ph": "B", "ts": "1301481", "pid": "24920", "tid": "1" },
  { "name": "CreateRenderInstructions", "cat": "Default", "ph": "B", "ts": "1301485", "pid": "24920", "tid": "1" },
  { "name": "CreateRenderInstructions", "cat": "Default", "ph": "E", "ts": "1301489", "pid": "24920", "tid": "1" },
  { "name": "RenderContextAreSame", "cat": "Default", "ph": "B", "ts": "1301489", "pid": "24920", "tid": "1" },
  { "name": "RenderContextAreSame", "cat": "Default", "ph": "E", "ts": "1301494", "pid": "24920", "tid": "1" },
  { "name": "OnRender", "cat": "Default", "ph": "E", "ts": "1301504", "pid": "24920", "tid": "1" },
  { "name": "OnRender", "cat": "Default", "ph": "B", "ts": "1317872", "pid": "24920", "tid": "1" },
  { "name": "CreateRenderInstructions", "cat": "Default", "ph": "B", "ts": "1317874", "pid": "24920", "tid": "1" },
  { "name": "CreateRenderInstructions", "cat": "Default", "ph": "E", "ts": "1317878", "pid": "24920", "tid": "1" },
  { "name": "RenderContextAreSame", "cat": "Default", "ph": "B", "ts": "1317879", "pid": "24920", "tid": "1" },
  { "name": "RenderContextAreSame", "cat": "Default", "ph": "E", "ts": "1317883", "pid": "24920", "tid": "1" },
  { "name": "OnRender", "cat": "Default", "ph": "E", "ts": "1317899", "pid": "24920", "tid": "1" },
  { "name": "OnRender", "cat": "Default", "ph": "B", "ts": "1334579", "pid": "24920", "tid": "1" },
  { "name": "CreateRenderInstructions", "cat": "Default", "ph": "B", "ts": "1334583", "pid": "24920", "tid": "1" },
  { "name": "CreateRenderInstructions", "cat": "Default", "ph": "E", "ts": "1334588", "pid": "24920", "tid": "1" },
  { "name": "RenderContextAreSame", "cat": "Default", "ph": "B", "ts": "1334588", "pid": "24920", "tid": "1" },
  { "name": "RenderContextAreSame", "cat": "Default", "ph": "E", "ts": "1334593", "pid": "24920", "tid": "1" },
  { "name": "OnRender", "cat": "Default", "ph": "E", "ts": "1334604", "pid": "24920", "tid": "1" },
  { "name": "OnRender", "cat": "Default", "ph": "B", "ts": "1351334", "pid": "24920", "tid": "1" },
  { "name": "CreateRenderInstructions", "cat": "Default", "ph": "B", "ts": "1351338", "pid": "24920", "tid": "1" },
  { "name": "CreateRenderInstructions", "cat": "Default", "ph": "E", "ts": "1351342", "pid": "24920", "tid": "1" },
  { "name": "RenderContextAreSame", "cat": "Default", "ph": "B", "ts": "1351342", "pid": "24920", "tid": "1" },
  { "name": "RenderContextAreSame", "cat": "Default", "ph": "E", "ts": "1351348", "pid": "24920", "tid": "1" },
  { "name": "OnRender", "cat": "Default", "ph": "E", "ts": "1351365", "pid": "24920", "tid": "1" },
  { "name": "OnRender", "cat": "Default", "ph": "B", "ts": "1368005", "pid": "24920", "tid": "1" },
  { "name": "CreateRenderInstructions", "cat": "Default", "ph": "B", "ts": "1368009", "pid": "24920", "tid": "1" },
  { "name": "CreateRenderInstructions", "cat": "Default", "ph": "E", "ts": "1368015", "pid": "24920", "tid": "1" },
  { "name": "RenderContextAreSame", "cat": "Default", "ph": "B", "ts": "1368015", "pid": "24920", "tid": "1" },
  { "name": "RenderContextAreSame", "cat": "Default", "ph": "E", "ts": "1368028", "pid": "24920", "tid": "1" },
  { "name": "OnRender", "cat": "Default", "ph": "E", "ts": "1368040", "pid": "24920", "tid": "1" },
  { "name": "OnRender", "cat": "Default", "ph": "B", "ts": "1384943", "pid": "24920", "tid": "1" },
  { "name": "CreateRenderInstructions", "cat": "Default", "ph": "B", "ts": "1384949", "pid": "24920", "tid": "1" },
  { "name": "CreateRenderInstructions", "cat": "Default", "ph": "E", "ts": "1384958", "pid": "24920", "tid": "1" },
  { "name": "RenderContextAreSame", "cat": "Default", "ph": "B", "ts": "1384958", "pid": "24920", "tid": "1" },
  { "name": "RenderContextAreSame", "cat": "Default", "ph": "E", "ts": "1384969", "pid": "24920", "tid": "1" },
  { "name": "OnRender", "cat": "Default", "ph": "E", "ts": "1385001", "pid": "24920", "tid": "1" },
  { "name": "OnRender", "cat": "Default", "ph": "B", "ts": "1401547", "pid": "24920", "tid": "1" },
  { "name": "CreateRenderInstructions", "cat": "Default", "ph": "B", "ts": "1401553", "pid": "24920", "tid": "1" },
  { "name": "CreateRenderInstructions", "cat": "Default", "ph": "E", "ts": "1401560", "pid": "24920", "tid": "1" },
  { "name": "RenderContextAreSame", "cat": "Default", "ph": "B", "ts": "1401561", "pid": "24920", "tid": "1" },
  { "name": "RenderContextAreSame", "cat": "Default", "ph": "E", "ts": "1401568", "pid": "24920", "tid": "1" },
  { "name": "OnRender", "cat": "Default", "ph": "E", "ts": "1401599", "pid": "24920", "tid": "1" },
  { "name": "OnRender", "cat": "Default", "ph": "B", "ts": "1418049", "pid": "24920", "tid": "1" },
  { "name": "CreateRenderInstructions", "cat": "Default", "ph": "B", "ts": "1418053", "pid": "24920", "tid": "1" },
  { "name": "CreateRenderInstructions", "cat": "Default", "ph": "E", "ts": "1418059", "pid": "24920", "tid": "1" },
  { "name": "RenderContextAreSame", "cat": "Default", "ph": "B", "ts": "1418059", "pid": "24920", "tid": "1" },
  { "name": "RenderContextAreSame", "cat": "Default", "ph": "E", "ts": "1418066", "pid": "24920", "tid": "1" },
  { "name": "OnRender", "cat": "Default", "ph": "E", "ts": "1418087", "pid": "24920", "tid": "1" },
  { "name": "OnRender", "cat": "Default", "ph": "B", "ts": "1434833", "pid": "24920", "tid": "1" },
  { "name": "CreateRenderInstructions", "cat": "Default", "ph": "B", "ts": "1434837", "pid": "24920", "tid": "1" },
  { "name": "CreateRenderInstructions", "cat": "Default", "ph": "E", "ts": "1434843", "pid": "24920", "tid": "1" },
  { "name": "RenderContextAreSame", "cat": "Default", "ph": "B", "ts": "1434843", "pid": "24920", "tid": "1" },
  { "name": "RenderContextAreSame", "cat": "Default", "ph": "E", "ts": "1434851", "pid": "24920", "tid": "1" },
  { "name": "OnRender", "cat": "Default", "ph": "E", "ts": "1434865", "pid": "24920", "tid": "1" },
  { "name": "OnRender", "cat": "Default", "ph": "B", "ts": "1451353", "pid": "24920", "tid": "1" },
  { "name": "CreateRenderInstructions", "cat": "Default", "ph": "B", "ts": "1451357", "pid": "24920", "tid": "1" },
  { "name": "CreateRenderInstructions", "cat": "Default", "ph": "E", "ts": "1451363", "pid": "24920", "tid": "1" },
  { "name": "RenderContextAreSame", "cat": "Default", "ph": "B", "ts": "1451364", "pid": "24920", "tid": "1" },
  { "name": "RenderContextAreSame", "cat": "Default", "ph": "E", "ts": "1451370", "pid": "24920", "tid": "1" },
  { "name": "OnRender", "cat": "Default", "ph": "E", "ts": "1451389", "pid": "24920", "tid": "1" },
  { "name": "OnRender", "cat": "Default", "ph": "B", "ts": "1468026", "pid": "24920", "tid": "1" },
  { "name": "CreateRenderInstructions", "cat": "Default", "ph": "B", "ts": "1468031", "pid": "24920", "tid": "1" },
  { "name": "CreateRenderInstructions", "cat": "Default", "ph": "E", "ts": "1468037", "pid": "24920", "tid": "1" },
  { "name": "RenderContextAreSame", "cat": "Default", "ph": "B", "ts": "1468037", "pid": "24920", "tid": "1" },
  { "name": "RenderContextAreSame", "cat": "Default", "ph": "E", "ts": "1468043", "pid": "24920", "tid": "1" },
  { "name": "OnRender", "cat": "Default", "ph": "E", "ts": "1468056", "pid": "24920", "tid": "1" },
  { "name": "OnRender", "cat": "Default", "ph": "B", "ts": "1484660", "pid": "24920", "tid": "1" },
  { "name": "CreateRenderInstructions", "cat": "Default", "ph": "B", "ts": "1484665", "pid": "24920", "tid": "1" },
  { "name": "CreateRenderInstructions", "cat": "Default", "ph": "E", "ts": "1484669", "pid": "24920", "tid": "1" },
  { "name": "RenderContextAreSame", "cat": "Default", "ph": "B", "ts": "1484670", "pid": "24920", "tid": "1" },
  { "name": "RenderContextAreSame", "cat": "Default", "ph": "E", "ts": "1484676", "pid": "24920", "tid": "1" },
  { "name": "OnRender", "cat": "Default", "ph": "E", "ts": "1484692", "pid": "24920", "tid": "1" },
  { "name": "OnRender", "cat": "Default", "ph": "B", "ts": "1500808", "pid": "24920", "tid": "1" },
  { "name": "CreateRenderInstructions", "cat": "Default", "ph": "B", "ts": "1500812", "pid": "24920", "tid": "1" },
  { "name": "CreateRenderInstructions", "cat": "Default", "ph": "E", "ts": "1500817", "pid": "24920", "tid": "1" },
  { "name": "RenderContextAreSame", "cat": "Default", "ph": "B", "ts": "1500818", "pid": "24920", "tid": "1" },
  { "name": "RenderContextAreSame", "cat": "Default", "ph": "E", "ts": "1500824", "pid": "24920", "tid": "1" },
  { "name": "OnRender", "cat": "Default", "ph": "E", "ts": "1500837", "pid": "24920", "tid": "1" },
  { "name": "OnRender", "cat": "Default", "ph": "B", "ts": "1517872", "pid": "24920", "tid": "1" },
  { "name": "CreateRenderInstructions", "cat": "Default", "ph": "B", "ts": "1517875", "pid": "24920", "tid": "1" },
  { "name": "CreateRenderInstructions", "cat": "Default", "ph": "E", "ts": "1517880", "pid": "24920", "tid": "1" },
  { "name": "RenderContextAreSame", "cat": "Default", "ph": "B", "ts": "1517881", "pid": "24920", "tid": "1" },
  { "name": "RenderContextAreSame", "cat": "Default", "ph": "E", "ts": "1517886", "pid": "24920", "tid": "1" },
  { "name": "OnRender", "cat": "Default", "ph": "E", "ts": "1517904", "pid": "24920", "tid": "1" },
  { "name": "OnRender", "cat": "Default", "ph": "B", "ts": "1534637", "pid": "24920", "tid": "1" },
  { "name": "CreateRenderInstructions", "cat": "Default", "ph": "B", "ts": "1534639", "pid": "24920", "tid": "1" },
  { "name": "CreateRenderInstructions", "cat": "Default", "ph": "E", "ts": "1534643", "pid": "24920", "tid": "1" },
  { "name": "RenderContextAreSame", "cat": "Default", "ph": "B", "ts": "1534643", "pid": "24920", "tid": "1" },
  { "name": "RenderContextAreSame", "cat": "Default", "ph": "E", "ts": "1534647", "pid": "24920", "tid": "1" },
  { "name": "OnRender", "cat": "Default", "ph": "E", "ts": "1534657", "pid": "24920", "tid": "1" },
  { "name": "OnRender", "cat": "Default", "ph": "B", "ts": "1551488", "pid": "24920", "tid": "1" },
  { "name": "CreateRenderInstructions", "cat": "Default", "ph": "B", "ts": "1551492", "pid": "24920", "tid": "1" },
  { "name": "CreateRenderInstructions", "cat": "Default", "ph": "E", "ts": "1551498", "pid": "24920", "tid": "1" },
  { "name": "RenderContextAreSame", "cat": "Default", "ph": "B", "ts": "1551499", "pid": "24920", "tid": "1" },
  { "name": "RenderContextAreSame", "cat": "Default", "ph": "E", "ts": "1551504", "pid": "24920", "tid": "1" },
  { "name": "OnRender", "cat": "Default", "ph": "E", "ts": "1551523", "pid": "24920", "tid": "1" },
  { "name": "OnRender", "cat": "Default", "ph": "B", "ts": "1568280", "pid": "24920", "tid": "1" },
  { "name": "CreateRenderInstructions", "cat": "Default", "ph": "B", "ts": "1568284", "pid": "24920", "tid": "1" },
  { "name": "CreateRenderInstructions", "cat": "Default", "ph": "E", "ts": "1568288", "pid": "24920", "tid": "1" },
  { "name": "RenderContextAreSame", "cat": "Default", "ph": "B", "ts": "1568288", "pid": "24920", "tid": "1" },
  { "name": "RenderContextAreSame", "cat": "Default", "ph": "E", "ts": "1568292", "pid": "24920", "tid": "1" },
  { "name": "OnRender", "cat": "Default", "ph": "E", "ts": "1568301", "pid": "24920", "tid": "1" },
  { "name": "OnRender", "cat": "Default", "ph": "B", "ts": "1584531", "pid": "24920", "tid": "1" },
  { "name": "CreateRenderInstructions", "cat": "Default", "ph": "B", "ts": "1584534", "pid": "24920", "tid": "1" },
  { "name": "CreateRenderInstructions", "cat": "Default", "ph": "E", "ts": "1584538", "pid": "24920", "tid": "1" },
  { "name": "RenderContextAreSame", "cat": "Default", "ph": "B", "ts": "1584538", "pid": "24920", "tid": "1" },
  { "name": "RenderContextAreSame", "cat": "Default", "ph": "E", "ts": "1584542", "pid": "24920", "tid": "1" },
  { "name": "OnRender", "cat": "Default", "ph": "E", "ts": "1584557", "pid": "24920", "tid": "1" },
  { "name": "OnRender", "cat": "Default", "ph": "B", "ts": "1601507", "pid": "24920", "tid": "1" },
  { "name": "CreateRenderInstructions", "cat": "Default", "ph": "B", "ts": "1601511", "pid": "24920", "tid": "1" },
  { "name": "CreateRenderInstructions", "cat": "Default", "ph": "E", "ts": "1601515", "pid": "24920", "tid": "1" },
  { "name": "RenderContextAreSame", "cat": "Default", "ph": "B", "ts": "1601515", "pid": "24920", "tid": "1" },
  { "name": "RenderContextAreSame", "cat": "Default", "ph": "E", "ts": "1601519", "pid": "24920", "tid": "1" },
  { "name": "OnRender", "cat": "Default", "ph": "E", "ts": "1601529", "pid": "24920", "tid": "1" },
  { "name": "OnRender", "cat": "Default", "ph": "B", "ts": "1618386", "pid": "24920", "tid": "1" },
  { "name": "CreateRenderInstructions", "cat": "Default", "ph": "B", "ts": "1618389", "pid": "24920", "tid": "1" },
  { "name": "CreateRenderInstructions", "cat": "Default", "ph": "E", "ts": "1618395", "pid": "24920", "tid": "1" },
  { "name": "RenderContextAreSame", "cat": "Default", "ph": "B", "ts": "1618395", "pid": "24920", "tid": "1" },
  { "name": "RenderContextAreSame", "cat": "Default", "ph": "E", "ts": "1618400", "pid": "24920", "tid": "1" },
  { "name": "OnRender", "cat": "Default", "ph": "E", "ts": "1618416", "pid": "24920", "tid": "1" },
  { "name": "OnRender", "cat": "Default", "ph": "B", "ts": "1634722", "pid": "24920", "tid": "1" },
  { "name": "CreateRenderInstructions", "cat": "Default", "ph": "B", "ts": "1634728", "pid": "24920", "tid": "1" },
  { "name": "CreateRenderInstructions", "cat": "Default", "ph": "E", "ts": "1634734", "pid": "24920", "tid": "1" },
  { "name": "RenderContextAreSame", "cat": "Default", "ph": "B", "ts": "1634735", "pid": "24920", "tid": "1" },
  { "name": "RenderContextAreSame", "cat": "Default", "ph": "E", "ts": "1634742", "pid": "24920", "tid": "1" },
  { "name": "OnRender", "cat": "Default", "ph": "E", "ts": "1634757", "pid": "24920", "tid": "1" },
  { "name": "OnRender", "cat": "Default", "ph": "B", "ts": "1651381", "pid": "24920", "tid": "1" },
  { "name": "CreateRenderInstructions", "cat": "Default", "ph": "B", "ts": "1651387", "pid": "24920", "tid": "1" },
  { "name": "CreateRenderInstructions", "cat": "Default", "ph": "E", "ts": "1651395", "pid": "24920", "tid": "1" },
  { "name": "RenderContextAreSame", "cat": "Default", "ph": "B", "ts": "1651396", "pid": "24920", "tid": "1" },
  { "name": "RenderContextAreSame", "cat": "Default", "ph": "E", "ts": "1651404", "pid": "24920", "tid": "1" },
  { "name": "OnRender", "cat": "Default", "ph": "E", "ts": "1651426", "pid": "24920", "tid": "1" },
  { "name": "OnRender", "cat": "Default", "ph": "B", "ts": "1668100", "pid": "24920", "tid": "1" },
  { "name": "CreateRenderInstructions", "cat": "Default", "ph": "B", "ts": "1668104", "pid": "24920", "tid": "1" },
  { "name": "CreateRenderInstructions", "cat": "Default", "ph": "E", "ts": "1668113", "pid": "24920", "tid": "1" },
  { "name": "RenderContextAreSame", "cat": "Default", "ph": "B", "ts": "1668113", "pid": "24920", "tid": "1" },
  { "name": "RenderContextAreSame", "cat": "Default", "ph": "E", "ts": "1668125", "pid": "24920", "tid": "1" },
  { "name": "OnRender", "cat": "Default", "ph": "E", "ts": "1668145", "pid": "24920", "tid": "1" },
  { "name": "OnRender", "cat": "Default", "ph": "B", "ts": "1684145", "pid": "24920", "tid": "1" },
  { "name": "CreateRenderInstructions", "cat": "Default", "ph": "B", "ts": "1684150", "pid": "24920", "tid": "1" },
  { "name": "CreateRenderInstructions", "cat": "Default", "ph": "E", "ts": "1684155", "pid": "24920", "tid": "1" },
  { "name": "RenderContextAreSame", "cat": "Default", "ph": "B", "ts": "1684155", "pid": "24920", "tid": "1" },
  { "name": "RenderContextAreSame", "cat": "Default", "ph": "E", "ts": "1684162", "pid": "24920", "tid": "1" },
  { "name": "OnRender", "cat": "Default", "ph": "E", "ts": "1684182", "pid": "24920", "tid": "1" },
  { "name": "OnRender", "cat": "Default", "ph": "B", "ts": "1700805", "pid": "24920", "tid": "1" },
  { "name": "CreateRenderInstructions", "cat": "Default", "ph": "B", "ts": "1700809", "pid": "24920", "tid": "1" },
  { "name": "CreateRenderInstructions", "cat": "Default", "ph": "E", "ts": "1700815", "pid": "24920", "tid": "1" },
  { "name": "RenderContextAreSame", "cat": "Default", "ph": "B", "ts": "1700815", "pid": "24920", "tid": "1" },
  { "name": "RenderContextAreSame", "cat": "Default", "ph": "E", "ts": "1700820", "pid": "24920", "tid": "1" },
  { "name": "OnRender", "cat": "Default", "ph": "E", "ts": "1700833", "pid": "24920", "tid": "1" },
  { "name": "OnRender", "cat": "Default", "ph": "B", "ts": "1717464", "pid": "24920", "tid": "1" },
  { "name": "CreateRenderInstructions", "cat": "Default", "ph": "B", "ts": "1717468", "pid": "24920", "tid": "1" },
  { "name": "CreateRenderInstructions", "cat": "Default", "ph": "E", "ts": "1717473", "pid": "24920", "tid": "1" },
  { "name": "RenderContextAreSame", "cat": "Default", "ph": "B", "ts": "1717474", "pid": "24920", "tid": "1" },
  { "name": "RenderContextAreSame", "cat": "Default", "ph": "E", "ts": "1717479", "pid": "24920", "tid": "1" },
  { "name": "OnRender", "cat": "Default", "ph": "E", "ts": "1717498", "pid": "24920", "tid": "1" },
  { "name": "OnRender", "cat": "Default", "ph": "B", "ts": "1734132", "pid": "24920", "tid": "1" },
  { "name": "CreateRenderInstructions", "cat": "Default", "ph": "B", "ts": "1734137", "pid": "24920", "tid": "1" },
  { "name": "CreateRenderInstructions", "cat": "Default", "ph": "E", "ts": "1734141", "pid": "24920", "tid": "1" },
  { "name": "RenderContextAreSame", "cat": "Default", "ph": "B", "ts": "1734142", "pid": "24920", "tid": "1" },
  { "name": "RenderContextAreSame", "cat": "Default", "ph": "E", "ts": "1734147", "pid": "24920", "tid": "1" },
  { "name": "OnRender", "cat": "Default", "ph": "E", "ts": "1734158", "pid": "24920", "tid": "1" },
  { "name": "OnRender", "cat": "Default", "ph": "B", "ts": "1751347", "pid": "24920", "tid": "1" },
  { "name": "CreateRenderInstructions", "cat": "Default", "ph": "B", "ts": "1751351", "pid": "24920", "tid": "1" },
  { "name": "CreateRenderInstructions", "cat": "Default", "ph": "E", "ts": "1751356", "pid": "24920", "tid": "1" },
  { "name": "RenderContextAreSame", "cat": "Default", "ph": "B", "ts": "1751357", "pid": "24920", "tid": "1" },
  { "name": "RenderContextAreSame", "cat": "Default", "ph": "E", "ts": "1751362", "pid": "24920", "tid": "1" },
  { "name": "OnRender", "cat": "Default", "ph": "E", "ts": "1751381", "pid": "24920", "tid": "1" }]